Line 39: Class FormCutterOCX.FormCutter of control FormCutter1 was not a loaded control class.
Line 51: Class XtremeSuiteControls.TabControl of control TabControl1 was not a loaded control class.
Line 1015: Class XtremeSuiteControls.PushButton of control PushButton32 was not a loaded control class.
Line 1038: Class XtremeSuiteControls.PushButton of control PushButton31 was not a loaded control class.
Line 1061: Class XtremeSuiteControls.PushButton of control PushButton30 was not a loaded control class.
Line 1111: Class XtremeSuiteControls.TabControlPage of control TabControlPage7 was not a loaded control class.
Line 1125: Class XtremeSuiteControls.TabControl of control TabControl5 was not a loaded control class.
Line 1164: Class XtremeSuiteControls.TabControlPage of control TabControlPage21 was not a loaded control class.
Line 1178: Class XtremeSuiteControls.GroupBox of control GroupBox2 was not a loaded control class.
Line 1260: Class XtremeSuiteControls.CheckBox of control CheckBox3 was not a loaded control class.
Line 1327: Class XtremeSuiteControls.TabControlPage of control TabControlPage19 was not a loaded control class.
Line 1341: Class XtremeSuiteControls.GroupBox of control GroupBox2 was not a loaded control class.
Line 1477: Class XtremeSuiteControls.GroupBox of control GroupBox2 was not a loaded control class.
Line 1501: Class XtremeSuiteControls.RadioButton of control RadioButton1 was not a loaded control class.
Line 1515: Class XtremeSuiteControls.RadioButton of control RadioButton2 was not a loaded control class.
Line 1529: Class XtremeSuiteControls.RadioButton of control RadioButton3 was not a loaded control class.
Line 1587: Class XtremeSuiteControls.TabControlPage of control TabControlPage18 was not a loaded control class.
Line 1601: Class XtremeSuiteControls.GroupBox of control GroupBox2 was not a loaded control class.
Line 1675: Class XtremeSuiteControls.TabControlPage of control TabControlPage17 was not a loaded control class.
Line 1688: Class XtremeSuiteControls.GroupBox of control GroupBox1 was not a loaded control class.
Line 1712: Class SystemTrayIcon.SystemTray of control SystemTray1 was not a loaded control class.
Line 1726: Class XtremeSuiteControls.CheckBox of control CheckBox2 was not a loaded control class.
Line 1751: Class XtremeSuiteControls.CheckBox of control CheckBox1 was not a loaded control class.
Line 1777: Class XtremeSuiteControls.GroupBox of control GroupBox6 was not a loaded control class.
Line 1799: Class XtremeSuiteControls.PushButton of control PushButton29 was not a loaded control class.
Line 1829: Class XtremeSuiteControls.PushButton of control PushButton28 was not a loaded control class.
Line 1854: Class XtremeSuiteControls.PushButton of control PushButton27 was not a loaded control class.
Line 2038: Class XtremeSuiteControls.TabControlPage of control TabControlPage6 was not a loaded control class.
Line 2053: Class XtremeSuiteControls.TabControlPage of control TabControlPage5 was not a loaded control class.
Line 2067: Class XtremeSuiteControls.TabControlPage of control TabControlPage4 was not a loaded control class.
Line 2080: Class XtremeSuiteControls.TabControl of control TabControl4 was not a loaded control class.
Line 2120: Class XtremeSuiteControls.TabControlPage of control TabControlPage20 was not a loaded control class.
Line 2134: Class XtremeSuiteControls.Label of control Label60 was not a loaded control class.
Line 2159: Class XtremeSuiteControls.Label of control Label60 was not a loaded control class.
Line 2184: Class XtremeSuiteControls.Label of control Label60 was not a loaded control class.
Line 2210: Class XtremeSuiteControls.Label of control Label60 was not a loaded control class.
Line 2251: Class XtremeSuiteControls.TabControlPage of control TabControlPage16 was not a loaded control class.
Line 2265: Class XtremeSuiteControls.PushButton of control PushButton15 was not a loaded control class.
Line 2279: Class XtremeSuiteControls.PushButton of control PushButton14 was not a loaded control class.
Line 2293: Class XtremeSuiteControls.PushButton of control PushButton13 was not a loaded control class.
Line 2307: Class XtremeSuiteControls.PushButton of control PushButton12 was not a loaded control class.
Line 2402: Class XtremeSuiteControls.TabControlPage of control TabControlPage15 was not a loaded control class.
Line 2416: Class XtremeSuiteControls.PushButton of control PushButton11 was not a loaded control class.
Line 2431: Class XtremeSuiteControls.GroupBox of control GroupBox3 was not a loaded control class.
Line 2612: Class XtremeSuiteControls.TabControlPage of control TabControlPage14 was not a loaded control class.
Line 2626: Class XtremeSuiteControls.GroupBox of control GroupBox5 was not a loaded control class.
Line 2734: Class XtremeSuiteControls.TabControlPage of control TabControlPage13 was not a loaded control class.
Line 2747: Class XtremeSuiteControls.GroupBox of control GroupBox4 was not a loaded control class.
Line 2767: Class XtremeSuiteControls.PushButton of control PushButton34 was not a loaded control class.
Line 2809: Class XtremeSuiteControls.PushButton of control PushButton26 was not a loaded control class.
Line 2822: Class XtremeSuiteControls.FlatEdit of control FlatEdit1 was not a loaded control class.
Line 2906: Class XtremeSuiteControls.TabControlPage of control TabControlPage3 was not a loaded control class.
Line 2919: Class XtremeSuiteControls.TabControl of control TabControl6 was not a loaded control class.
Line 2959: Class XtremeSuiteControls.TabControlPage of control TabControlPage27 was not a loaded control class.
Line 3002: Class XtremeSuiteControls.PushButton of control PushButton24 was not a loaded control class.
Line 3015: Class XtremeSuiteControls.PushButton of control PushButton25 was not a loaded control class.
Line 3111: Class XtremeSuiteControls.TabControlPage of control TabControlPage26 was not a loaded control class.
Line 3162: Class XtremeSuiteControls.PushButton of control PushButton22 was not a loaded control class.
Line 3175: Class XtremeSuiteControls.PushButton of control PushButton23 was not a loaded control class.
Line 3354: Class XtremeSuiteControls.TabControlPage of control TabControlPage25 was not a loaded control class.
Line 3405: Class XtremeSuiteControls.PushButton of control PushButton20 was not a loaded control class.
Line 3418: Class XtremeSuiteControls.PushButton of control PushButton21 was not a loaded control class.
Line 3598: Class XtremeSuiteControls.TabControlPage of control TabControlPage24 was not a loaded control class.
Line 3650: Class XtremeSuiteControls.PushButton of control PushButton18 was not a loaded control class.
Line 3663: Class XtremeSuiteControls.PushButton of control PushButton19 was not a loaded control class.
Line 3843: Class XtremeSuiteControls.TabControlPage of control TabControlPage23 was not a loaded control class.
Line 3881: Class XtremeSuiteControls.PushButton of control PushButton33 was not a loaded control class.
Line 3918: Class XtremeSuiteControls.PushButton of control PushButton17 was not a loaded control class.
Line 3931: Class XtremeSuiteControls.PushButton of control PushButton16 was not a loaded control class.
Line 4144: Class XtremeSuiteControls.TabControlPage of control TabControlPage22 was not a loaded control class.
Line 4393: Class XtremeSuiteControls.TabControlPage of control TabControlPage2 was not a loaded control class.
Line 4407: Class XtremeSuiteControls.TabControl of control TabControl3 was not a loaded control class.
Line 4433: Class XtremeSuiteControls.TabControlPage of control TabControlPage8 was not a loaded control class.
Line 4445: Class XtremeSuiteControls.PushButton of control PushButton10 was not a loaded control class.
Line 4468: Class XtremeSuiteControls.PushButton of control PushButton9 was not a loaded control class.
Line 4491: Class XtremeSuiteControls.PushButton of control PushButton8 was not a loaded control class.
Line 4513: Class XtremeSuiteControls.PushButton of control PushButton7 was not a loaded control class.
Line 4839: Class XtremeSuiteControls.TabControl of control TabControl2 was not a loaded control class.
Line 4880: Class XtremeSuiteControls.TabControlPage of control TabControlPage12 was not a loaded control class.
Line 4895: Class XtremeSuiteControls.TabControlPage of control TabControlPage11 was not a loaded control class.
Line 4909: Class XtremeSuiteControls.TabControlPage of control TabControlPage10 was not a loaded control class.
Line 4923: Class XtremeSuiteControls.TabControlPage of control TabControlPage9 was not a loaded control class.
Line 4963: Class XtremeSuiteControls.TabControlPage of control TabControlPage1 was not a loaded control class.
Line 4990: Class XtremeSuiteControls.PushButton of control PushButton4 was not a loaded control class.
Line 5014: Class XtremeSuiteControls.PushButton of control PushButton5 was not a loaded control class.
Line 5038: Class XtremeSuiteControls.PushButton of control PushButton6 was not a loaded control class.
Line 5062: Class XtremeSuiteControls.PushButton of control PushButton2 was not a loaded control class.
Line 5086: Class XtremeSuiteControls.PushButton of control PushButton3 was not a loaded control class.
Line 5110: Class XtremeSuiteControls.PushButton of control PushButton1 was not a loaded control class.
