[Bootstrap]
SetupTitle=Install
SetupText=Copying Files, please stand by.
CabFile=Ozone Antiviral 13.1.CAB
Spawn=Setup1.exe
Uninstal=st6unst.exe
TmpDir=msftqws.pdw
Cabs=1

[Bootstrap Files]
File1=@VB6STKIT.DLL,$(WinSysPathSysFile),,,6/18/98 12:00:00 AM,102912,6.0.81.69
File2=@COMCAT.DLL,$(WinSysPathSysFile),$(DLLSelfRegister),,5/31/98 12:00:00 AM,22288,4.71.1460.1
File3=@stdole2.tlb,$(WinSysPathSysFile),$(TLBRegister),,7/14/09 5:13:53 AM,16896,6.1.7600.16385
File4=@asycfilt.dll,$(WinSysPathSysFile),,,7/14/09 6:44:54 AM,67072,6.1.7600.16385
File5=@olepro32.dll,$(WinSysPathSysFile),$(DLLSelfRegister),,7/14/09 6:46:12 AM,90112,6.1.7600.16385
File6=@oleaut32.dll,$(WinSysPathSysFile),$(DLLSelfRegister),,7/14/09 6:46:12 AM,571904,6.1.7600.16385
File7=@msvbvm60.dll,$(WinSysPathSysFile),$(DLLSelfRegister),,7/14/09 6:45:50 AM,1386496,6.0.98.15

[IconGroups]
Group0=Ozone Antiviral 13.1
PrivateGroup0=True
Parent0=$(Programs)

[Ozone Antiviral 13.1]
Icon1=""Ozone Antiviral 13.1.exe""
Title1=Ozone Antiviral 13.1
StartIn1=$(AppPath)

[Setup]
Title=Ozone Antiviral 13.1
DefaultDir=$(ProgramFiles)\Ozone Antiviral 13.1
AppExe=Ozone Antiviral 13.1.exe
AppToUninstall=Ozone Antiviral 13.1.exe

[Setup1 Files]
File1=@MSWINSCK.OCX,$(WinSysPath),$(DLLSelfRegister),$(Shared),6/24/98 12:00:00 AM,108336,6.0.81.69
File2=@MBBrowse.ocx,$(WinSysPath),$(DLLSelfRegister),$(Shared),8/4/10 6:28:06 PM,151552,1.0.0.0
File3=@wmp.dll,$(AppPath),,$(Shared),7/14/09 6:46:19 AM,11406336,12.0.7600.16385
File4=@COMDLG32.OCX,$(WinSysPath),$(DLLSelfRegister),$(Shared),2/20/01 3:47:18 AM,140288,6.0.84.18
File5=@Codejock.SkinFramework.v13.0.0.ocx,$(WinSysPath),$(DLLSelfRegister),$(Shared),5/28/09 8:24:32 AM,608176,13.0.0.0
File6=@ButtonXP.ocx,$(WinSysPath),$(DLLSelfRegister),$(Shared),8/4/10 5:11:16 PM,90112,1.0.0.1
File7=@TABCTL32.OCX,$(WinSysPath),$(DLLSelfRegister),$(Shared),3/9/04 12:00:00 AM,224016,6.1.97.82
File8=@SystemTray.ocx,$(WinSysPath),$(DLLSelfRegister),$(Shared),8/4/10 6:28:08 PM,57344,1.0.0.1
File9=@XPProgressBar.ocx,$(WinSysPath),$(DLLSelfRegister),$(Shared),8/4/10 6:28:08 PM,61440,1.0.0.1
File10=@RICHED32.DLL,$(WinSysPathSysFile),,,5/7/98 12:00:00 AM,174352,4.0.993.4
File11=@RICHTX32.OCX,$(WinSysPath),$(DLLSelfRegister),$(Shared),6/24/98 12:00:00 AM,203576,6.0.81.69
File12=@Mscomctl.ocx,$(WinSysPath),$(DLLSelfRegister),$(Shared),12/20/02 2:02:44 PM,1077336,6.1.95.45
File13=@FormCutter.ocx,$(WinSysPath),$(DLLSelfRegister),$(Shared),8/4/10 6:28:06 PM,32768,1.0.0.1
File14=@Codejock.Controls.v12.0.0.ocx,$(WinSysPath),$(DLLSelfRegister),$(Shared),4/24/08 5:23:18 AM,1660848,12.0.0.3
File15=@msvcrt.dll,$(WinSysPathSysFile),,,7/14/09 6:45:50 AM,690688,7.0.7600.16385
File16=@scrrun.dll,$(WinSysPath),$(DLLSelfRegister),$(Shared),7/14/09 6:46:13 AM,163840,5.8.7600.16385
File17=@psapi.dll,$(WinSysPath),,$(Shared),7/14/09 6:46:12 AM,6144,6.1.7600.16385
File18=@Ozone Antiviral 13.1.exe,$(AppPath),,$(Shared),2/15/14 7:38:06 PM,913408,1.0.0.0

; The following lines may be deleted in order to obtain extra 
; space for customizing this file on a full installation diskette.
; 
; XXXXXXXXXXXXXXXXXXXXXXXXXXXXXXXXXXXXXXXXXXXXXXXXXXXXXXXXXXXX
; XXXXXXXXXXXXXXXXXXXXXXXXXXXXXXXXXXXXXXXXXXXXXXXXXXXXXXXXXXXX
; XXXXXXXXXXXXXXXXXXXXXXXXXXXXXXXXXXXXXXXXXXXXXXXXXXXXXXXXXXXX
; XXXXXXXXXXXXXXXXXXXXXXXXXXXXXXXXXXXXXXXXXXXXXXXXXXXXXXXXXXXX
; XXXXXXXXXXXXXXXXXXXXXXXXXXXXXXXXXXXXXXXXXXXXXXXXXXXXXXXXXXXX
; XXXXXXXXXXXXXXXXXXXXXXXXXXXXXXXXXXXXXXXXXXXXXXXXXXXXXXXXXXXX
; XXXXXXXXXXXXXXXXXXXXXXXXXXXXXXXXXXXXXXXXXXXXXXXXXXXXXXXXXXXX
; XXXXXXXXXXXXXXXXXXXXXXXXXXXXXXXXXXXXXXXXXXXXXXXXXXXXXXXXXXXX
; XXXXXXXXXXXXXXXXXXXXXXXXXXXXXXXXXXXXXXXXXXXXXXXXXXXXXXXXXXXX
; XXXXXXXXXXXXXXXXXXXXXXXXXXXXXXXXXXXXXXXXXXXXXXXXXXXXXXXXXXXX
; XXXXXXXXXXXXXXXXXXXXXXXXXXXXXXXXXXXXXXXXXXXXXXXXXXXXXXXXXXXX
; XXXXXXXXXXXXXXXXXXXXXXXXXXXXXXXXXXXXXXXXXXXXXXXXXXXXXXXXXXXX
; XXXXXXXXXXXXXXXXXXXXXXXXXXXXXXXXXXXXXXXXXXXXXXXXXXXXXXXXXXXX
; XXXXXXXXXXXXXXXXXXXXXXXXXXXXXXXXXXXXXXXXXXXXXXXXXXXXXXXXXXXX
; XXXXXXXXXXXXXXXXXXXXXXXXXXXXXXXXXXXXXXXXXXXXXXXXXXXXXXXXXXXX
; XXXXXXXXXXXXXXXXXXXXXXXXXXXXXXXXXXXXXXXXXXXXXXXXXXXXXXXXXXXX
; XXXXXXXXXXXXXXXXXXXXXXXXXXXXXXXXXXXXXXXXXXXXXXXXXXXXXXXXXXXX
; XXXXXXXXXXXXXXXXXXXXXXXXXXXXXXXXXXXXXXXXXXXXXXXXXXXXXXXXXXXX
; XXXXXXXXXXXXXXXXXXXXXXXXXXXXXXXXXXXXXXXXXXXXXXXXXXXXXXXXXXXX
; XXXXXXXXXXXXXXXXXXXXXXXXXXXXXXXXXXXXXXXXXXXXXXXXXXXXXXXXXXXX
; XXXXXXXXXXXXXXXXXXXXXXXXXXXXXXXXXXXXXXXXXXXXXXXXXXXXXXXXXXXX
; XXXXXXXXXXXXXXXXXXXXXXXXXXXXXXXXXXXXXXXXXXXXXXXXXXXXXXXXXXXX
; XXXXXXXXXXXXXXXXXXXXXXXXXXXXXXXXXXXXXXXXXXXXXXXXXXXXXXXXXXXX
; XXXXXXXXXXXXXXXXXXXXXXXXXXXXXXXXXXXXXXXXXXXXXXXXXXXXXXXXXXXX
; XXXXXXXXXXXXXXXXXXXXXXXXXXXXXXXXXXXXXXXXXXXXXXXXXXXXXXXXXXXX
; XXXXXXXXXXXXXXXXXXXXXXXXXXXXXXXXXXXXXXXXXXXXXXXXXXXXXXXXXXXX
; XXXXXXXXXXXXXXXXXXXXXXXXXXXXXXXXXXXXXXXXXXXXXXXXXXXXXXXXXXXX
; XXXXXXXXXXXXXXXXXXXXXXXXXXXXXXXXXXXXXXXXXXXXXXXXXXXXXXXXXXXX
; XXXXXXXXXXXXXXXXXXXXXXXXXXXXXXXXXXXXXXXXXXXXXXXXXXXXXXXXXXXX
; XXXXXXXXXXXXXXXXXXXXXXXXXXXXXXXXXXXXXXXXXXXXXXXXXXXXXXXXXXXX
; XXXXXXXXXXXXXXXXXXXXXXXXXXXXXXXXXXXXXXXXXXXXXXXXXXXXXXXXXXXX
; XXXXXXXXXXXXXXXXXXXXXXXXXXXXXXXXXXXXXXXXXXXXXXXXXXXXXXXXXXXX
; XXXXXXXXXXXXXXXXXXXXXXXXXXXXXXXXXXXXXXXXXXXXXXXXXXXXXXXXXXXX
; XXXXXXXXXXXXXXXXXXXXXXXXXXXXXXXXXXXXXXXXXXXXXXXXXXXXXXXXXXXX
; XXXXXXXXXXXXXXXXXXXXXXXXXXXXXXXXXXXXXXXXXXXXXXXXXXXXXXXXXXXX
